# JRE version: Java(TM) SE Runtime Environment (9.0+11) (build 9.0.4+11)
# Java VM: Java HotSpot(TM) 64-Bit Server VM (9.0.4+11, mixed mode, tiered, compressed oops, g1 gc, windows-amd64)
Heap:
 garbage-first heap   total 285696K, used 122747K [0x0000000700000000, 0x00000007001008b8, 0x00000007c0000000)
  region size 1024K, 13 young (13312K), 1 survivors (1024K)
 Metaspace       used 91548K, capacity 93873K, committed 100016K, reserved 1136640K
  class space    used 11732K, capacity 12197K, committed 13488K, reserved 1048576K
GC Heap History (10 events):
Event: 34721.827 GC heap before
{Heap before GC invocations=1963 (full 1028):
 garbage-first heap   total 285696K, used 170136K [0x0000000700000000, 0x00000007001008b8, 0x00000007c0000000)
  region size 1024K, 60 young (61440K), 0 survivors (0K)
 Metaspace       used 91518K, capacity 93809K, committed 100016K, reserved 1136640K
  class space    used 11732K, capacity 12197K, committed 13488K, reserved 1048576K
}
Event: 34721.830 GC heap after
{Heap after GC invocations=1964 (full 1028):
 garbage-first heap   total 285696K, used 108839K [0x0000000700000000, 0x00000007001008b8, 0x00000007c0000000)
  region size 1024K, 1 young (1024K), 1 survivors (1024K)
 Metaspace       used 91518K, capacity 93809K, committed 100016K, reserved 1136640K
  class space    used 11732K, capacity 12197K, committed 13488K, reserved 1048576K
}
Event: 34722.008 GC heap before
{Heap before GC invocations=1964 (full 1028):
 garbage-first heap   total 285696K, used 169255K [0x0000000700000000, 0x00000007001008b8, 0x00000007c0000000)
  region size 1024K, 60 young (61440K), 1 survivors (1024K)
 Metaspace       used 91518K, capacity 93809K, committed 100016K, reserved 1136640K
  class space    used 11732K, capacity 12197K, committed 13488K, reserved 1048576K
}
Event: 34722.009 GC heap after
{Heap after GC invocations=1965 (full 1028):
 garbage-first heap   total 285696K, used 108857K [0x0000000700000000, 0x00000007001008b8, 0x00000007c0000000)
  region size 1024K, 1 young (1024K), 1 survivors (1024K)
 Metaspace       used 91518K, capacity 93809K, committed 100016K, reserved 1136640K
  class space    used 11732K, capacity 12197K, committed 13488K, reserved 1048576K
}
Event: 34722.990 GC heap before
{Heap before GC invocations=1965 (full 1028):
 garbage-first heap   total 285696K, used 170297K [0x0000000700000000, 0x00000007001008b8, 0x00000007c0000000)
  region size 1024K, 60 young (61440K), 1 survivors (1024K)
 Metaspace       used 91518K, capacity 93809K, committed 100016K, reserved 1136640K
  class space    used 11732K, capacity 12197K, committed 13488K, reserved 1048576K
}
Event: 34722.992 GC heap after
{Heap after GC invocations=1966 (full 1028):
 garbage-first heap   total 285696K, used 111167K [0x0000000700000000, 0x00000007001008b8, 0x00000007c0000000)
  region size 1024K, 1 young (1024K), 1 survivors (1024K)
 Metaspace       used 91518K, capacity 93809K, committed 100016K, reserved 1136640K
  class space    used 11732K, capacity 12197K, committed 13488K, reserved 1048576K
}
Event: 34726.083 GC heap before
{Heap before GC invocations=1966 (full 1028):
 garbage-first heap   total 285696K, used 173631K [0x0000000700000000, 0x00000007001008b8, 0x00000007c0000000)
  region size 1024K, 60 young (61440K), 1 survivors (1024K)
 Metaspace       used 91530K, capacity 93873K, committed 100016K, reserved 1136640K
  class space    used 11732K, capacity 12197K, committed 13488K, reserved 1048576K
}
Event: 34726.086 GC heap after
{Heap after GC invocations=1967 (full 1028):
 garbage-first heap   total 285696K, used 113511K [0x0000000700000000, 0x00000007001008b8, 0x00000007c0000000)
  region size 1024K, 1 young (1024K), 1 survivors (1024K)
 Metaspace       used 91530K, capacity 93873K, committed 100016K, reserved 1136640K
  class space    used 11732K, capacity 12197K, committed 13488K, reserved 1048576K
}
Event: 34726.533 GC heap before
{Heap before GC invocations=1967 (full 1028):
 garbage-first heap   total 285696K, used 173927K [0x0000000700000000, 0x00000007001008b8, 0x00000007c0000000)
  region size 1024K, 60 young (61440K), 1 survivors (1024K)
 Metaspace       used 91545K, capacity 93873K, committed 100016K, reserved 1136640K
  class space    used 11732K, capacity 12197K, committed 13488K, reserved 1048576K
}
Event: 34726.535 GC heap after
{Heap after GC invocations=1968 (full 1028):
 garbage-first heap   total 285696K, used 111483K [0x0000000700000000, 0x00000007001008b8, 0x00000007c0000000)
  region size 1024K, 1 young (1024K), 1 survivors (1024K)
 Metaspace       used 91545K, capacity 93873K, committed 100016K, reserved 1136640K
  class space    used 11732K, capacity 12197K, committed 13488K, reserved 1048576K
}

