# JRE version: Java(TM) SE Runtime Environment (9.0+11) (build 9.0.4+11)
# Java VM: Java HotSpot(TM) 64-Bit Server VM (9.0.4+11, mixed mode, tiered, compressed oops, g1 gc, windows-amd64)
Heap:
 garbage-first heap   total 537600K, used 238453K [0x0000000700000000, 0x0000000700101068, 0x00000007c0000000)
  region size 1024K, 31 young (31744K), 1 survivors (1024K)
 Metaspace       used 93120K, capacity 95045K, committed 102960K, reserved 1138688K
  class space    used 11807K, capacity 12235K, committed 13872K, reserved 1048576K
GC Heap History (10 events):
Event: 24083.971 GC heap before
{Heap before GC invocations=3259 (full 1621):
 garbage-first heap   total 537600K, used 212084K [0x0000000700000000, 0x0000000700101068, 0x00000007c0000000)
  region size 1024K, 7 young (7168K), 0 survivors (0K)
 Metaspace       used 93118K, capacity 95045K, committed 102960K, reserved 1138688K
  class space    used 11807K, capacity 12235K, committed 13872K, reserved 1048576K
}
Event: 24084.401 GC heap after
{Heap after GC invocations=3260 (full 1622):
 garbage-first heap   total 537600K, used 205971K [0x0000000700000000, 0x0000000700101068, 0x00000007c0000000)
  region size 1024K, 0 young (0K), 0 survivors (0K)
 Metaspace       used 93118K, capacity 95045K, committed 102960K, reserved 1138688K
  class space    used 11807K, capacity 12235K, committed 13872K, reserved 1048576K
}
Event: 24085.041 GC heap before
{Heap before GC invocations=3260 (full 1622):
 garbage-first heap   total 537600K, used 267411K [0x0000000700000000, 0x0000000700101068, 0x00000007c0000000)
  region size 1024K, 60 young (61440K), 0 survivors (0K)
 Metaspace       used 93118K, capacity 95045K, committed 102960K, reserved 1138688K
  class space    used 11807K, capacity 12235K, committed 13872K, reserved 1048576K
}
Event: 24085.043 GC heap after
{Heap after GC invocations=3261 (full 1622):
 garbage-first heap   total 537600K, used 206122K [0x0000000700000000, 0x0000000700101068, 0x00000007c0000000)
  region size 1024K, 1 young (1024K), 1 survivors (1024K)
 Metaspace       used 93118K, capacity 95045K, committed 102960K, reserved 1138688K
  class space    used 11807K, capacity 12235K, committed 13872K, reserved 1048576K
}
Event: 24086.979 GC heap before
{Heap before GC invocations=3261 (full 1622):
 garbage-first heap   total 537600K, used 270634K [0x0000000700000000, 0x0000000700101068, 0x00000007c0000000)
  region size 1024K, 60 young (61440K), 1 survivors (1024K)
 Metaspace       used 93118K, capacity 95045K, committed 102960K, reserved 1138688K
  class space    used 11807K, capacity 12235K, committed 13872K, reserved 1048576K
}
Event: 24086.982 GC heap after
{Heap after GC invocations=3262 (full 1622):
 garbage-first heap   total 537600K, used 210630K [0x0000000700000000, 0x0000000700101068, 0x00000007c0000000)
  region size 1024K, 1 young (1024K), 1 survivors (1024K)
 Metaspace       used 93118K, capacity 95045K, committed 102960K, reserved 1138688K
  class space    used 11807K, capacity 12235K, committed 13872K, reserved 1048576K
}
Event: 24088.421 GC heap before
{Heap before GC invocations=3262 (full 1622):
 garbage-first heap   total 537600K, used 271046K [0x0000000700000000, 0x0000000700101068, 0x00000007c0000000)
  region size 1024K, 60 young (61440K), 1 survivors (1024K)
 Metaspace       used 93118K, capacity 95045K, committed 102960K, reserved 1138688K
  class space    used 11807K, capacity 12235K, committed 13872K, reserved 1048576K
}
Event: 24088.425 GC heap after
{Heap after GC invocations=3263 (full 1622):
 garbage-first heap   total 537600K, used 208596K [0x0000000700000000, 0x0000000700101068, 0x00000007c0000000)
  region size 1024K, 1 young (1024K), 1 survivors (1024K)
 Metaspace       used 93118K, capacity 95045K, committed 102960K, reserved 1138688K
  class space    used 11807K, capacity 12235K, committed 13872K, reserved 1048576K
}
Event: 24089.626 GC heap before
{Heap before GC invocations=3263 (full 1622):
 garbage-first heap   total 537600K, used 269012K [0x0000000700000000, 0x0000000700101068, 0x00000007c0000000)
  region size 1024K, 60 young (61440K), 1 survivors (1024K)
 Metaspace       used 93118K, capacity 95045K, committed 102960K, reserved 1138688K
  class space    used 11807K, capacity 12235K, committed 13872K, reserved 1048576K
}
Event: 24089.629 GC heap after
{Heap after GC invocations=3264 (full 1622):
 garbage-first heap   total 537600K, used 208757K [0x0000000700000000, 0x0000000700101068, 0x00000007c0000000)
  region size 1024K, 1 young (1024K), 1 survivors (1024K)
 Metaspace       used 93118K, capacity 95045K, committed 102960K, reserved 1138688K
  class space    used 11807K, capacity 12235K, committed 13872K, reserved 1048576K
}

